2021-12-20 14:25:19 [main] INFO  com.test.listener.ElementListener -点击:id: com.handsgo.jiakao.android:id/btn_agree
2021-12-20 14:25:31 [main] INFO  com.test.listener.ElementListener -点击:id: com.handsgo.jiakao.android:id/cityTv
2021-12-20 14:25:33 [main] INFO  com.test.listener.ElementListener -点击:id: com.handsgo.jiakao.android:id/edt_search_q
2021-12-20 14:25:34 [main] INFO  com.test.listener.ElementListener -点击:xpath: //android.widget.TextView[@text='长沙']
2021-12-20 14:25:35 [main] INFO  com.test.listener.ElementListener -点击:id: com.handsgo.jiakao.android:id/maleTv
2021-12-20 14:25:36 [main] INFO  com.test.listener.ElementListener -点击:id: com.handsgo.jiakao.android:id/carNameTv
2021-12-20 14:25:36 [main] INFO  com.test.listener.ElementListener -点击:id: com.handsgo.jiakao.android:id/okBtn
2021-12-20 14:25:38 [main] INFO  com.test.listener.ElementListener -点击:xpath: //*[@text='未报名']
2021-12-20 14:44:18 [main] INFO  com.test.listener.ElementListener -点击:id: com.handsgo.jiakao.android:id/btn_agree
2021-12-20 14:44:29 [main] INFO  com.test.listener.ElementListener -点击:id: com.handsgo.jiakao.android:id/cityTv
2021-12-20 14:44:31 [main] INFO  com.test.listener.ElementListener -点击:id: com.handsgo.jiakao.android:id/edt_search_q
2021-12-20 14:44:32 [main] INFO  com.test.listener.ElementListener -点击:xpath: //android.widget.TextView[@text='长沙']
2021-12-20 14:44:33 [main] INFO  com.test.listener.ElementListener -点击:id: com.handsgo.jiakao.android:id/maleTv
2021-12-20 14:44:33 [main] INFO  com.test.listener.ElementListener -点击:id: com.handsgo.jiakao.android:id/carNameTv
2021-12-20 14:44:34 [main] INFO  com.test.listener.ElementListener -点击:id: com.handsgo.jiakao.android:id/okBtn
2021-12-20 14:44:36 [main] INFO  com.test.listener.ElementListener -点击:xpath: //*[@text='未报名']
2021-12-20 14:46:03 [main] INFO  com.test.listener.ElementListener -点击:id: com.handsgo.jiakao.android:id/btn_agree
2021-12-20 14:46:17 [main] INFO  com.test.listener.ElementListener -点击:id: com.handsgo.jiakao.android:id/cityTv
2021-12-20 14:46:19 [main] INFO  com.test.listener.ElementListener -点击:id: com.handsgo.jiakao.android:id/edt_search_q
2021-12-20 14:46:20 [main] INFO  com.test.listener.ElementListener -点击:xpath: //android.widget.TextView[@text='长沙']
2021-12-20 14:46:20 [main] INFO  com.test.listener.ElementListener -点击:id: com.handsgo.jiakao.android:id/maleTv
2021-12-20 14:46:21 [main] INFO  com.test.listener.ElementListener -点击:id: com.handsgo.jiakao.android:id/carNameTv
2021-12-20 14:46:21 [main] INFO  com.test.listener.ElementListener -点击:id: com.handsgo.jiakao.android:id/okBtn
2021-12-20 14:46:23 [main] INFO  com.test.listener.ElementListener -点击:xpath: //*[@text='未报名']
2021-12-20 14:48:31 [main] INFO  com.test.listener.ElementListener -点击:id: com.handsgo.jiakao.android:id/btn_agree
2021-12-20 14:48:44 [main] INFO  com.test.listener.ElementListener -点击:id: com.handsgo.jiakao.android:id/cityTv
2021-12-20 14:48:46 [main] INFO  com.test.listener.ElementListener -点击:id: com.handsgo.jiakao.android:id/edt_search_q
2021-12-20 14:48:46 [main] INFO  com.test.listener.ElementListener -点击:xpath: //android.widget.TextView[@text='长沙']
2021-12-20 14:48:47 [main] INFO  com.test.listener.ElementListener -点击:id: com.handsgo.jiakao.android:id/carNameTv
2021-12-20 14:48:48 [main] INFO  com.test.listener.ElementListener -点击:id: com.handsgo.jiakao.android:id/okBtn
2021-12-20 14:48:49 [main] INFO  com.test.listener.ElementListener -点击:xpath: //*[@text='未报名']
2021-12-20 14:51:10 [main] INFO  com.test.listener.ElementListener -点击:id: com.handsgo.jiakao.android:id/btn_agree
2021-12-20 14:52:55 [main] INFO  com.test.listener.ElementListener -点击:id: com.handsgo.jiakao.android:id/btn_agree
2021-12-20 14:53:30 [main] INFO  com.test.listener.ElementListener -点击:id: com.handsgo.jiakao.android:id/edt_search_q
2021-12-20 14:53:32 [main] INFO  com.test.listener.ElementListener -点击:xpath: //android.widget.TextView[@text='长沙']
2021-12-20 14:53:32 [main] INFO  com.test.listener.ElementListener -点击:id: com.handsgo.jiakao.android:id/maleTv
2021-12-20 14:53:32 [main] INFO  com.test.listener.ElementListener -点击:id: com.handsgo.jiakao.android:id/carNameTv
2021-12-20 14:53:33 [main] INFO  com.test.listener.ElementListener -点击:id: com.handsgo.jiakao.android:id/okBtn
2021-12-20 14:53:35 [main] INFO  com.test.listener.ElementListener -点击:xpath: //*[@text='未报名']
2021-12-20 14:54:35 [main] INFO  com.test.listener.ElementListener -点击:id: com.handsgo.jiakao.android:id/btn_agree
2021-12-20 14:54:48 [main] INFO  com.test.listener.ElementListener -点击:id: com.handsgo.jiakao.android:id/cityTv
2021-12-20 14:54:49 [main] INFO  com.test.listener.ElementListener -点击:id: com.handsgo.jiakao.android:id/edt_search_q
2021-12-20 14:54:50 [main] INFO  com.test.listener.ElementListener -点击:xpath: //android.widget.TextView[@text='长沙']
2021-12-20 14:54:51 [main] INFO  com.test.listener.ElementListener -点击:id: com.handsgo.jiakao.android:id/maleTv
2021-12-20 14:54:52 [main] INFO  com.test.listener.ElementListener -点击:id: com.handsgo.jiakao.android:id/carNameTv
2021-12-20 14:55:38 [main] INFO  com.test.listener.ElementListener -点击:id: com.handsgo.jiakao.android:id/btn_agree
2021-12-20 14:55:52 [main] INFO  com.test.listener.ElementListener -点击:id: com.handsgo.jiakao.android:id/cityTv
2021-12-20 14:55:56 [main] INFO  com.test.listener.ElementListener -点击:id: com.handsgo.jiakao.android:id/edt_search_q
2021-12-20 14:55:58 [main] INFO  com.test.listener.ElementListener -点击:xpath: //android.widget.TextView[@text='长沙']
2021-12-20 14:55:59 [main] INFO  com.test.listener.ElementListener -点击:id: com.handsgo.jiakao.android:id/maleTv
2021-12-20 14:55:59 [main] INFO  com.test.listener.ElementListener -点击:id: com.handsgo.jiakao.android:id/carNameTv
2021-12-20 14:57:04 [main] INFO  com.test.listener.ElementListener -点击:id: com.handsgo.jiakao.android:id/btn_agree
2021-12-20 14:57:17 [main] INFO  com.test.listener.ElementListener -点击:id: com.handsgo.jiakao.android:id/cityTv
2021-12-20 14:57:19 [main] INFO  com.test.listener.ElementListener -点击:id: com.handsgo.jiakao.android:id/edt_search_q
2021-12-20 14:57:20 [main] INFO  com.test.listener.ElementListener -点击:xpath: //android.widget.TextView[@text='长沙']
2021-12-20 14:57:21 [main] INFO  com.test.listener.ElementListener -点击:id: com.handsgo.jiakao.android:id/maleTv
2021-12-20 14:57:21 [main] INFO  com.test.listener.ElementListener -点击:id: com.handsgo.jiakao.android:id/carNameTv
2021-12-20 14:57:23 [main] INFO  com.test.listener.ElementListener -点击:xpath: //*[@text='未报名']
2021-12-20 15:20:23 [main] INFO  com.test.listener.ElementListener -点击:id: com.handsgo.jiakao.android:id/btn_agree
2021-12-20 15:20:36 [main] INFO  com.test.listener.ElementListener -点击:id: com.handsgo.jiakao.android:id/cityTv
2021-12-20 15:20:38 [main] INFO  com.test.listener.ElementListener -点击:id: com.handsgo.jiakao.android:id/edt_search_q
2021-12-20 15:20:39 [main] INFO  com.test.listener.ElementListener -点击:xpath: //android.widget.TextView[@text='长沙']
2021-12-20 15:20:40 [main] INFO  com.test.listener.ElementListener -点击:id: com.handsgo.jiakao.android:id/maleTv
2021-12-20 15:20:40 [main] INFO  com.test.listener.ElementListener -点击:id: com.handsgo.jiakao.android:id/carNameTv
2021-12-20 15:20:41 [main] INFO  com.test.listener.ElementListener -点击:id: com.handsgo.jiakao.android:id/okBtn
2021-12-20 15:20:42 [main] INFO  com.test.listener.ElementListener -点击:xpath: //*[@text='未报名']
