2021-12-22 14:13:17 [main] INFO  com.test.listener.ElementListener -点击:id: com.only.main:id/btn_user_agreement_ok
2021-12-22 14:13:28 [main] INFO  com.test.listener.ElementListener -点击:id: com.only.main:id/tab_logo
2021-12-22 14:15:08 [main] INFO  com.test.listener.ElementListener -点击:id: com.only.main:id/tab_logo
2021-12-22 14:22:59 [main] INFO  com.test.listener.ElementListener -点击:xpath: //android.widget.TextView[@text='密码']/..
2021-12-22 15:10:13 [main] INFO  com.test.listener.ElementListener -点击:xpath: //android.widget.TextView[@text='密码']/..
2021-12-22 15:10:17 [main] INFO  com.test.listener.ElementListener -点击:id: com.only.main:id/iv_lock_image
2021-12-22 15:11:56 [main] INFO  com.test.listener.ElementListener -点击:xpath: //android.widget.TextView[@text='密码']/..
2021-12-22 15:12:01 [main] INFO  com.test.listener.ElementListener -点击:id: com.only.main:id/iv_lock_image
2021-12-22 15:26:35 [main] INFO  com.test.listener.ElementListener -点击:xpath: //android.widget.TextView[@text='密码']/..
2021-12-22 15:26:39 [main] INFO  com.test.listener.ElementListener -点击:xpath: //android.widget.TextView[@text='贴纸图案锁']/..
2021-12-22 15:30:22 [main] INFO  com.test.listener.ElementListener -点击:xpath: //android.widget.TextView[@text='密码']/..
2021-12-22 15:30:27 [main] INFO  com.test.listener.ElementListener -点击:xpath: //android.widget.TextView[@text='贴纸图案锁']/..
2021-12-22 17:00:16 [main] INFO  com.test.listener.ElementListener -点击:xpath: //android.widget.TextView[@text='密码']/..
2021-12-22 17:00:21 [main] INFO  com.test.listener.ElementListener -点击:xpath: //android.widget.TextView[@text='贴纸图案锁']/..
2021-12-22 17:01:24 [main] INFO  com.test.listener.ElementListener -点击:xpath: //android.widget.TextView[@text='密码']/..
2021-12-22 17:01:28 [main] INFO  com.test.listener.ElementListener -点击:xpath: //android.widget.TextView[@text='贴纸图案锁']/..
2021-12-22 19:11:46 [main] INFO  com.test.listener.ElementListener -点击:id: com.baidu.BaiduMap:id/tv_searchbox_home_text_switcher
2021-12-22 19:13:37 [main] INFO  com.test.listener.ElementListener -点击:id: com.baidu.BaiduMap:id/tv_searchbox_home_text_switcher
2021-12-22 19:13:42 [main] INFO  com.test.listener.ElementListener -点击:id: com.baidu.BaiduMap:id/tvSearchBoxInput
2021-12-22 19:17:02 [main] INFO  com.test.listener.ElementListener -点击:id: com.baidu.BaiduMap:id/tv_searchbox_home_text_switcher
2021-12-22 19:17:06 [main] INFO  com.test.listener.ElementListener -点击:id: com.baidu.BaiduMap:id/tvSearchBoxInput
2021-12-22 19:18:22 [main] INFO  com.test.listener.ElementListener -点击:id: com.baidu.BaiduMap:id/tv_searchbox_home_text_switcher
2021-12-22 19:18:27 [main] INFO  com.test.listener.ElementListener -点击:id: com.baidu.BaiduMap:id/tvSearchBoxInput
2021-12-22 19:20:50 [main] INFO  com.test.listener.ElementListener -点击:id: com.baidu.BaiduMap:id/tv_searchbox_home_text_switcher
2021-12-22 19:20:52 [main] INFO  com.test.listener.ElementListener -点击:id: com.baidu.BaiduMap:id/tvSearchBoxInput
2021-12-22 19:26:07 [main] INFO  com.test.listener.ElementListener -点击:id: com.baidu.BaiduMap:id/tv_searchbox_home_text_switcher
2021-12-22 19:26:12 [main] INFO  com.test.listener.ElementListener -点击:id: com.baidu.BaiduMap:id/tvSearchBoxInput
2021-12-22 19:26:34 [main] INFO  com.test.listener.ElementListener -点击:id: com.baidu.BaiduMap:id/zoom_in
2021-12-22 19:26:36 [main] INFO  com.test.listener.ElementListener -点击:id: com.baidu.BaiduMap:id/zoom_out
2021-12-22 19:27:08 [main] INFO  com.test.listener.ElementListener -点击:id: com.baidu.BaiduMap:id/tv_searchbox_home_text_switcher
2021-12-22 19:27:09 [main] INFO  com.test.listener.ElementListener -点击:id: com.baidu.BaiduMap:id/tvSearchBoxInput
2021-12-22 19:27:24 [main] INFO  com.test.listener.ElementListener -点击:id: com.baidu.BaiduMap:id/zoom_in
2021-12-22 19:27:26 [main] INFO  com.test.listener.ElementListener -点击:id: com.baidu.BaiduMap:id/zoom_out
2021-12-22 19:30:04 [main] INFO  com.test.listener.ElementListener -点击:id: com.baidu.BaiduMap:id/tv_searchbox_home_text_switcher
2021-12-22 19:30:07 [main] INFO  com.test.listener.ElementListener -点击:id: com.baidu.BaiduMap:id/tvSearchBoxInput
2021-12-22 19:30:57 [main] INFO  com.test.listener.ElementListener -点击:id: com.baidu.BaiduMap:id/tv_searchbox_home_text_switcher
2021-12-22 19:31:01 [main] INFO  com.test.listener.ElementListener -点击:id: com.baidu.BaiduMap:id/tvSearchBoxInput
2021-12-22 19:31:08 [main] INFO  com.test.listener.ElementListener -点击:id: com.baidu.BaiduMap:id/zoom_in
2021-12-22 19:31:10 [main] INFO  com.test.listener.ElementListener -点击:id: com.baidu.BaiduMap:id/zoom_out
2021-12-22 19:43:23 [main] INFO  com.test.listener.ElementListener -点击:id: com.baidu.BaiduMap:id/tv_searchbox_home_text_switcher
2021-12-22 19:43:26 [main] INFO  com.test.listener.ElementListener -点击:id: com.baidu.BaiduMap:id/tvSearchBoxInput
2021-12-22 19:43:34 [main] INFO  com.test.listener.ElementListener -点击:id: com.baidu.BaiduMap:id/zoom_in
2021-12-22 19:43:36 [main] INFO  com.test.listener.ElementListener -点击:id: com.baidu.BaiduMap:id/zoom_out
2021-12-22 19:47:54 [main] INFO  com.test.listener.ElementListener -点击:id: com.baidu.BaiduMap:id/tv_searchbox_home_text_switcher
2021-12-22 19:47:57 [main] INFO  com.test.listener.ElementListener -点击:id: com.baidu.BaiduMap:id/tvSearchBoxInput
2021-12-22 19:48:32 [main] INFO  com.test.listener.ElementListener -点击:id: com.baidu.BaiduMap:id/zoom_in
2021-12-22 19:48:34 [main] INFO  com.test.listener.ElementListener -点击:id: com.baidu.BaiduMap:id/zoom_out
2021-12-22 19:49:21 [main] INFO  com.test.listener.ElementListener -点击:id: com.baidu.BaiduMap:id/tv_searchbox_home_text_switcher
2021-12-22 19:49:24 [main] INFO  com.test.listener.ElementListener -点击:id: com.baidu.BaiduMap:id/tvSearchBoxInput
2021-12-22 19:49:31 [main] INFO  com.test.listener.ElementListener -点击:id: com.baidu.BaiduMap:id/zoom_in
2021-12-22 19:49:33 [main] INFO  com.test.listener.ElementListener -点击:id: com.baidu.BaiduMap:id/zoom_out
2021-12-22 19:50:39 [main] INFO  com.test.listener.ElementListener -点击:id: com.baidu.BaiduMap:id/tv_searchbox_home_text_switcher
2021-12-22 19:50:43 [main] INFO  com.test.listener.ElementListener -点击:id: com.baidu.BaiduMap:id/tvSearchBoxInput
2021-12-22 19:50:51 [main] INFO  com.test.listener.ElementListener -点击:id: com.baidu.BaiduMap:id/zoom_in
2021-12-22 19:50:53 [main] INFO  com.test.listener.ElementListener -点击:id: com.baidu.BaiduMap:id/zoom_out
2021-12-22 19:52:19 [main] INFO  com.test.listener.ElementListener -点击:id: com.baidu.BaiduMap:id/tv_searchbox_home_text_switcher
2021-12-22 19:52:22 [main] INFO  com.test.listener.ElementListener -点击:id: com.baidu.BaiduMap:id/tvSearchBoxInput
2021-12-22 19:52:29 [main] INFO  com.test.listener.ElementListener -点击:id: com.baidu.BaiduMap:id/zoom_in
2021-12-22 19:52:32 [main] INFO  com.test.listener.ElementListener -点击:id: com.baidu.BaiduMap:id/zoom_out
2021-12-22 19:54:54 [main] INFO  com.test.listener.ElementListener -点击:id: com.baidu.BaiduMap:id/tv_searchbox_home_text_switcher
2021-12-22 19:55:31 [main] INFO  com.test.listener.ElementListener -点击:id: com.baidu.BaiduMap:id/tv_searchbox_home_text_switcher
2021-12-22 19:55:34 [main] INFO  com.test.listener.ElementListener -点击:id: com.baidu.BaiduMap:id/tvSearchBoxInput
2021-12-22 19:55:42 [main] INFO  com.test.listener.ElementListener -点击:id: com.baidu.BaiduMap:id/zoom_in
2021-12-22 19:55:45 [main] INFO  com.test.listener.ElementListener -点击:id: com.baidu.BaiduMap:id/zoom_out
