2021-12-17 13:41:36 [main] INFO  com.test.listener.ElementListener -点击:id: com.handsgo.jiakao.android:id/btn_agree
2021-12-17 13:41:48 [main] INFO  com.test.listener.ElementListener -点击:id: com.handsgo.jiakao.android:id/cityTv
2021-12-17 13:41:50 [main] INFO  com.test.listener.ElementListener -点击:id: com.handsgo.jiakao.android:id/edt_search_q
2021-12-17 13:41:50 [main] INFO  com.test.listener.ElementListener -点击:id: com.handsgo.jiakao.android:id/item_title
2021-12-17 13:41:51 [main] INFO  com.test.listener.ElementListener -点击:id: com.handsgo.jiakao.android:id/maleTv
2021-12-17 13:41:52 [main] INFO  com.test.listener.ElementListener -点击:id: com.handsgo.jiakao.android:id/carNameTv
2021-12-17 13:41:52 [main] INFO  com.test.listener.ElementListener -点击:id: com.handsgo.jiakao.android:id/okBtn
2021-12-17 13:41:54 [main] INFO  com.test.listener.ElementListener -点击:xpath: //*[@text='未报名']
2021-12-17 16:13:22 [main] INFO  com.test.listener.ElementListener -点击:id: com.handsgo.jiakao.android:id/btn_agree
2021-12-17 16:13:34 [main] INFO  com.test.listener.ElementListener -点击:id: com.handsgo.jiakao.android:id/cityTv
2021-12-17 16:13:35 [main] INFO  com.test.listener.ElementListener -点击:id: com.handsgo.jiakao.android:id/edt_search_q
2021-12-17 16:13:36 [main] INFO  com.test.listener.ElementListener -点击:id: com.handsgo.jiakao.android:id/line
2021-12-17 16:13:37 [main] INFO  com.test.listener.ElementListener -点击:id: com.handsgo.jiakao.android:id/maleTv
2021-12-17 16:13:37 [main] INFO  com.test.listener.ElementListener -点击:id: com.handsgo.jiakao.android:id/carNameTv
2021-12-17 16:13:38 [main] INFO  com.test.listener.ElementListener -点击:id: com.handsgo.jiakao.android:id/okBtn
2021-12-17 16:13:40 [main] INFO  com.test.listener.ElementListener -点击:xpath: //*[@text='未报名']
2021-12-17 16:56:32 [main] INFO  com.test.listener.ElementListener -点击:id: com.handsgo.jiakao.android:id/btn_agree
2021-12-17 16:56:44 [main] INFO  com.test.listener.ElementListener -点击:id: com.handsgo.jiakao.android:id/cityTv
2021-12-17 16:56:46 [main] INFO  com.test.listener.ElementListener -点击:id: com.handsgo.jiakao.android:id/edt_search_q
2021-12-17 18:48:11 [main] INFO  com.test.listener.ElementListener -点击:id: com.handsgo.jiakao.android:id/btn_agree
2021-12-17 18:48:23 [main] INFO  com.test.listener.ElementListener -点击:id: com.handsgo.jiakao.android:id/cityTv
2021-12-17 18:48:25 [main] INFO  com.test.listener.ElementListener -点击:id: com.handsgo.jiakao.android:id/edt_search_q
2021-12-17 18:49:21 [main] INFO  com.test.listener.ElementListener -点击:id: com.handsgo.jiakao.android:id/btn_agree
2021-12-17 18:49:34 [main] INFO  com.test.listener.ElementListener -点击:id: com.handsgo.jiakao.android:id/cityTv
2021-12-17 18:49:36 [main] INFO  com.test.listener.ElementListener -点击:id: com.handsgo.jiakao.android:id/edt_search_q
2021-12-17 18:49:37 [main] INFO  com.test.listener.ElementListener -点击:-android uiautomator: new UiSelector().text("长沙")
2021-12-17 18:49:37 [main] INFO  com.test.listener.ElementListener -点击:id: com.handsgo.jiakao.android:id/maleTv
2021-12-17 18:49:38 [main] INFO  com.test.listener.ElementListener -点击:id: com.handsgo.jiakao.android:id/carNameTv
2021-12-17 18:49:39 [main] INFO  com.test.listener.ElementListener -点击:id: com.handsgo.jiakao.android:id/okBtn
2021-12-17 18:49:40 [main] INFO  com.test.listener.ElementListener -点击:xpath: //*[@text='未报名']
