2022-01-25 11:15:27 [main] INFO  com.test.listener.ElementListener -点击:-android uiautomator: new UiSelector().text("手机号登录")
2022-01-25 11:15:27 [main] INFO  com.test.listener.ElementListener -点击:id: com.netease.cloudmusic:id/a69
2022-01-25 11:15:28 [main] INFO  com.test.listener.ElementListener -点击:id: com.netease.cloudmusic:id/f8
2022-01-25 11:18:22 [main] INFO  com.test.listener.ElementListener -点击:xpath: //*[@text='手机号登录']
2022-01-25 11:18:23 [main] INFO  com.test.listener.ElementListener -点击:id: com.netease.cloudmusic:id/a69
2022-01-25 11:18:23 [main] INFO  com.test.listener.ElementListener -点击:id: com.netease.cloudmusic:id/f8
2022-01-25 11:20:15 [main] INFO  com.test.listener.ElementListener -点击:xpath: //*[@text='手机号登录']
2022-01-25 11:20:16 [main] INFO  com.test.listener.ElementListener -点击:id: com.netease.cloudmusic:id/a69
2022-01-25 11:20:16 [main] INFO  com.test.listener.ElementListener -点击:id: com.netease.cloudmusic:id/f8
2022-01-25 11:37:42 [main] INFO  com.test.listener.ElementListener -点击:xpath: //*[@text='登录']
2022-01-25 11:37:42 [main] INFO  com.test.listener.ElementListener -点击:id: com.tencent.mm:id/erw
2022-01-25 11:37:44 [main] INFO  com.test.listener.ElementListener -点击:xpath: //*[@text='请填写微信号/QQ号/邮箱']
2022-01-25 11:40:58 [main] INFO  com.test.listener.ElementListener -点击:xpath: //*[@text='登录']
2022-01-25 11:40:58 [main] INFO  com.test.listener.ElementListener -点击:id: com.tencent.mm:id/erw
2022-01-25 11:41:00 [main] INFO  com.test.listener.ElementListener -点击:xpath: //*[@text='请填写微信号/QQ号/邮箱']
2022-01-25 11:44:51 [main] INFO  com.test.listener.ElementListener -点击:xpath: //*[@text='登录']
2022-01-25 11:44:52 [main] INFO  com.test.listener.ElementListener -点击:id: com.tencent.mm:id/erw
2022-01-25 11:44:54 [main] INFO  com.test.listener.ElementListener -点击:xpath: //*[@text='请填写微信号/QQ号/邮箱']
2022-01-25 11:47:16 [main] INFO  com.test.listener.ElementListener -点击:xpath: //*[@text='登录']
2022-01-25 11:47:16 [main] INFO  com.test.listener.ElementListener -点击:id: com.tencent.mm:id/erw
2022-01-25 11:47:18 [main] INFO  com.test.listener.ElementListener -点击:xpath: //*[@text='请填写微信号/QQ号/邮箱']
2022-01-25 11:49:47 [main] INFO  com.test.listener.ElementListener -点击:xpath: //*[@text='登录']
2022-01-25 11:49:48 [main] INFO  com.test.listener.ElementListener -点击:id: com.tencent.mm:id/erw
2022-01-25 11:49:49 [main] INFO  com.test.listener.ElementListener -点击:xpath: //*[@text='请填写微信号/QQ号/邮箱']
2022-01-25 11:49:50 [main] INFO  com.test.listener.ElementListener -点击:id: com.tencent.mm:id/erp
2022-01-25 11:52:50 [main] INFO  com.test.listener.ElementListener -点击:xpath: //*[@text='登录']
2022-01-25 11:52:50 [main] INFO  com.test.listener.ElementListener -点击:id: com.tencent.mm:id/erw
2022-01-25 11:52:51 [main] INFO  com.test.listener.ElementListener -点击:xpath: //*[@text='请填写微信号/QQ号/邮箱']
2022-01-25 11:52:52 [main] INFO  com.test.listener.ElementListener -点击:xpath: //*[@text='密码']/following-sibling::android.widget.EditText
2022-01-25 11:52:52 [main] INFO  com.test.listener.ElementListener -点击:id: com.tencent.mm:id/erp
2022-01-25 11:55:32 [main] INFO  com.test.listener.ElementListener -点击:xpath: //*[@text='登录']
2022-01-25 11:55:32 [main] INFO  com.test.listener.ElementListener -点击:id: com.tencent.mm:id/erw
2022-01-25 11:55:34 [main] INFO  com.test.listener.ElementListener -点击:xpath: //*[@text='请填写微信号/QQ号/邮箱']
2022-01-25 11:55:34 [main] INFO  com.test.listener.ElementListener -点击:xpath: //*[@text='密码']/following-sibling::android.widget.EditText
2022-01-25 11:55:35 [main] INFO  com.test.listener.ElementListener -点击:id: com.tencent.mm:id/erp
2022-01-25 11:59:10 [main] INFO  com.test.listener.ElementListener -点击:xpath: //*[@text='登录']
2022-01-25 11:59:11 [main] INFO  com.test.listener.ElementListener -点击:id: com.tencent.mm:id/erw
2022-01-25 11:59:12 [main] INFO  com.test.listener.ElementListener -点击:xpath: //*[@text='请填写微信号/QQ号/邮箱']
2022-01-25 11:59:13 [main] INFO  com.test.listener.ElementListener -点击:xpath: //*[@text='密码']/following-sibling::android.widget.EditText
2022-01-25 11:59:13 [main] INFO  com.test.listener.ElementListener -点击:id: com.tencent.mm:id/erp
2022-01-25 12:01:13 [main] INFO  com.test.listener.ElementListener -点击:xpath: //*[@text='登录']
2022-01-25 12:01:14 [main] INFO  com.test.listener.ElementListener -点击:id: com.tencent.mm:id/erw
2022-01-25 12:01:16 [main] INFO  com.test.listener.ElementListener -点击:xpath: //*[@text='请填写微信号/QQ号/邮箱']
2022-01-25 12:01:16 [main] INFO  com.test.listener.ElementListener -点击:xpath: //*[@text='密码']/following-sibling::android.widget.EditText
2022-01-25 12:01:17 [main] INFO  com.test.listener.ElementListener -点击:id: com.tencent.mm:id/erp
2022-01-25 12:01:51 [main] INFO  com.test.listener.ElementListener -点击:xpath: //*[@text='登录']
2022-01-25 12:01:52 [main] INFO  com.test.listener.ElementListener -点击:id: com.tencent.mm:id/erw
2022-01-25 12:01:53 [main] INFO  com.test.listener.ElementListener -点击:xpath: //*[@text='请填写微信号/QQ号/邮箱']
2022-01-25 12:01:54 [main] INFO  com.test.listener.ElementListener -点击:xpath: //*[@text='密码']/following-sibling::android.widget.EditText
2022-01-25 12:01:54 [main] INFO  com.test.listener.ElementListener -点击:id: com.tencent.mm:id/erp
2022-01-25 12:03:08 [main] INFO  com.test.listener.ElementListener -点击:xpath: //*[@text='登录']
2022-01-25 12:03:08 [main] INFO  com.test.listener.ElementListener -点击:id: com.tencent.mm:id/erw
2022-01-25 12:03:10 [main] INFO  com.test.listener.ElementListener -点击:xpath: //*[@text='请填写微信号/QQ号/邮箱']
2022-01-25 12:03:10 [main] INFO  com.test.listener.ElementListener -点击:xpath: //*[@text='密码']/following-sibling::android.widget.EditText
2022-01-25 12:03:11 [main] INFO  com.test.listener.ElementListener -点击:id: com.tencent.mm:id/erp
2022-01-25 12:08:24 [main] INFO  com.test.listener.ElementListener -点击:xpath: //*[@text='登录']
2022-01-25 12:08:25 [main] INFO  com.test.listener.ElementListener -点击:id: com.tencent.mm:id/erw
2022-01-25 12:08:26 [main] INFO  com.test.listener.ElementListener -点击:xpath: //*[@text='请填写微信号/QQ号/邮箱']
2022-01-25 12:08:27 [main] INFO  com.test.listener.ElementListener -点击:xpath: //*[@text='密码']/following-sibling::android.widget.EditText
2022-01-25 12:08:28 [main] INFO  com.test.listener.ElementListener -点击:id: com.tencent.mm:id/erp
2022-01-25 12:09:46 [main] INFO  com.test.listener.ElementListener -点击:xpath: //*[@text='登录']
2022-01-25 12:09:46 [main] INFO  com.test.listener.ElementListener -点击:id: com.tencent.mm:id/erw
2022-01-25 12:09:48 [main] INFO  com.test.listener.ElementListener -点击:xpath: //*[@text='请填写微信号/QQ号/邮箱']
2022-01-25 12:09:48 [main] INFO  com.test.listener.ElementListener -点击:xpath: //*[@text='密码']/following-sibling::android.widget.EditText
2022-01-25 12:09:49 [main] INFO  com.test.listener.ElementListener -点击:id: com.tencent.mm:id/erp
2022-01-25 12:10:24 [main] INFO  com.test.listener.ElementListener -点击:xpath: //*[@text='登录']
2022-01-25 12:10:26 [main] INFO  com.test.listener.ElementListener -点击:id: com.tencent.mm:id/erw
2022-01-25 12:10:27 [main] INFO  com.test.listener.ElementListener -点击:xpath: //*[@text='请填写微信号/QQ号/邮箱']
2022-01-25 12:10:28 [main] INFO  com.test.listener.ElementListener -点击:xpath: //*[@text='密码']/following-sibling::android.widget.EditText
2022-01-25 12:10:28 [main] INFO  com.test.listener.ElementListener -点击:id: com.tencent.mm:id/erp
2022-01-25 12:15:26 [main] INFO  com.test.listener.ElementListener -点击:xpath: //*[@text='登录']
2022-01-25 12:15:28 [main] INFO  com.test.listener.ElementListener -点击:id: com.tencent.mm:id/erw
2022-01-25 12:15:29 [main] INFO  com.test.listener.ElementListener -点击:xpath: //*[@text='请填写微信号/QQ号/邮箱']
2022-01-25 12:15:30 [main] INFO  com.test.listener.ElementListener -点击:xpath: //*[@text='密码']/following-sibling::android.widget.EditText
2022-01-25 12:15:30 [main] INFO  com.test.listener.ElementListener -点击:id: com.tencent.mm:id/erp
2022-01-25 12:15:54 [main] INFO  com.test.listener.ElementListener -点击:xpath: //*[@text='登录']
2022-01-25 12:15:55 [main] INFO  com.test.listener.ElementListener -点击:id: com.tencent.mm:id/erw
2022-01-25 12:15:57 [main] INFO  com.test.listener.ElementListener -点击:xpath: //*[@text='请填写微信号/QQ号/邮箱']
2022-01-25 12:15:58 [main] INFO  com.test.listener.ElementListener -点击:xpath: //*[@text='密码']/following-sibling::android.widget.EditText
2022-01-25 12:15:58 [main] INFO  com.test.listener.ElementListener -点击:id: com.tencent.mm:id/erp
2022-01-25 12:16:28 [main] INFO  com.test.listener.ElementListener -点击:xpath: //*[@text='登录']
2022-01-25 12:16:28 [main] INFO  com.test.listener.ElementListener -点击:id: com.tencent.mm:id/erw
2022-01-25 12:16:30 [main] INFO  com.test.listener.ElementListener -点击:xpath: //*[@text='请填写微信号/QQ号/邮箱']
2022-01-25 12:16:30 [main] INFO  com.test.listener.ElementListener -点击:xpath: //*[@text='密码']/following-sibling::android.widget.EditText
2022-01-25 12:16:31 [main] INFO  com.test.listener.ElementListener -点击:id: com.tencent.mm:id/erp
2022-01-25 13:37:45 [main] INFO  com.test.listener.ElementListener -点击:xpath: //*[@text='登录']
2022-01-25 13:37:45 [main] INFO  com.test.listener.ElementListener -点击:id: com.tencent.mm:id/erw
2022-01-25 13:37:47 [main] INFO  com.test.listener.ElementListener -点击:xpath: //*[@text='请填写微信号/QQ号/邮箱']
2022-01-25 13:37:48 [main] INFO  com.test.listener.ElementListener -点击:xpath: //*[@text='密码']/following-sibling::android.widget.EditText
2022-01-25 13:37:48 [main] INFO  com.test.listener.ElementListener -点击:id: com.tencent.mm:id/erp
