2022-02-21 11:26:05 [main] INFO  com.test.listener.ElementListener -点击:xpath: //*[@text='登录']
2022-02-21 11:26:10 [main] INFO  com.test.listener.ElementListener -点击:id: com.tencent.mm:id/erw
2022-02-21 11:26:12 [main] INFO  com.test.listener.ElementListener -点击:xpath: //*[@text='请填写微信号/QQ号/邮箱']
2022-02-21 11:26:13 [main] INFO  com.test.listener.ElementListener -点击:xpath: //*[@text='密码']/following-sibling::android.widget.EditText
2022-02-21 11:26:13 [main] INFO  com.test.listener.ElementListener -点击:id: com.tencent.mm:id/erp
2022-02-21 11:26:49 [main] INFO  com.test.listener.ElementListener -点击:xpath: //*[@text='登录']
2022-02-21 11:26:49 [main] INFO  com.test.listener.ElementListener -点击:id: com.tencent.mm:id/erw
2022-02-21 11:26:50 [main] INFO  com.test.listener.ElementListener -点击:xpath: //*[@text='请填写微信号/QQ号/邮箱']
2022-02-21 11:26:51 [main] INFO  com.test.listener.ElementListener -点击:xpath: //*[@text='密码']/following-sibling::android.widget.EditText
2022-02-21 11:26:52 [main] INFO  com.test.listener.ElementListener -点击:id: com.tencent.mm:id/erp
2022-02-21 11:27:28 [main] INFO  com.test.listener.ElementListener -点击:xpath: //*[@text='登录']
2022-02-21 11:27:29 [main] INFO  com.test.listener.ElementListener -点击:id: com.tencent.mm:id/erw
2022-02-21 11:27:31 [main] INFO  com.test.listener.ElementListener -点击:xpath: //*[@text='请填写微信号/QQ号/邮箱']
2022-02-21 11:27:32 [main] INFO  com.test.listener.ElementListener -点击:xpath: //*[@text='密码']/following-sibling::android.widget.EditText
2022-02-21 11:27:32 [main] INFO  com.test.listener.ElementListener -点击:id: com.tencent.mm:id/erp
2022-02-21 11:27:51 [main] INFO  com.test.listener.ElementListener -点击:xpath: //*[@text='登录']
2022-02-21 11:27:52 [main] INFO  com.test.listener.ElementListener -点击:id: com.tencent.mm:id/erw
2022-02-21 11:27:54 [main] INFO  com.test.listener.ElementListener -点击:xpath: //*[@text='请填写微信号/QQ号/邮箱']
2022-02-21 11:27:54 [main] INFO  com.test.listener.ElementListener -点击:xpath: //*[@text='密码']/following-sibling::android.widget.EditText
2022-02-21 11:27:55 [main] INFO  com.test.listener.ElementListener -点击:id: com.tencent.mm:id/erp
2022-02-21 11:28:15 [main] INFO  com.test.listener.ElementListener -点击:xpath: //*[@text='登录']
2022-02-21 11:28:17 [main] INFO  com.test.listener.ElementListener -点击:id: com.tencent.mm:id/erw
2022-02-21 11:28:18 [main] INFO  com.test.listener.ElementListener -点击:xpath: //*[@text='请填写微信号/QQ号/邮箱']
2022-02-21 11:28:19 [main] INFO  com.test.listener.ElementListener -点击:xpath: //*[@text='密码']/following-sibling::android.widget.EditText
2022-02-21 11:28:19 [main] INFO  com.test.listener.ElementListener -点击:id: com.tencent.mm:id/erp
2022-02-21 11:28:48 [main] INFO  com.test.listener.ElementListener -点击:xpath: //*[@text='登录']
2022-02-21 11:28:49 [main] INFO  com.test.listener.ElementListener -点击:id: com.tencent.mm:id/erw
2022-02-21 11:28:51 [main] INFO  com.test.listener.ElementListener -点击:xpath: //*[@text='请填写微信号/QQ号/邮箱']
2022-02-21 11:28:51 [main] INFO  com.test.listener.ElementListener -点击:xpath: //*[@text='密码']/following-sibling::android.widget.EditText
2022-02-21 11:28:52 [main] INFO  com.test.listener.ElementListener -点击:id: com.tencent.mm:id/erp
